Using pre-set license
Built from '2020.3/staging' branch; Version is '2020.3.23f1 (c5d91304a876) revision 12966163'; Using compiler version '192528614'; Build Type 'Release'
OS: 'Windows 10 Home; OS build 19045.2965; Version 2009; 64bit' Language: 'en' Physical Memory: 16297 MB
BatchMode: 1, IsHumanControllingUs: 0, StartBugReporterOnCrash: 0, Is64bit: 1, IsPro: 0

COMMAND LINE ARGUMENTS:
D:\unity\2020.3.23f1\Editor\Unity.exe
-adb2
-batchMode
-noUpm
-name
AssetImportWorker0
-projectPath
D:/github/new/space-invaders/invaders
-logFile
Logs/AssetImportWorker0.log
-srvPort
65365
Successfully changed project path to: D:/github/new/space-invaders/invaders
D:/github/new/space-invaders/invaders
Using Asset Import Pipeline V2.
Refreshing native plugins compatible for Editor in 53.99 ms, found 3 plugins.
Preloading 0 native plugins for Editor in 0.00 ms.
Initialize engine version: 2020.3.23f1 (c5d91304a876)
[Subsystems] Discovering subsystems at path D:/unity/2020.3.23f1/Editor/Data/Resources/UnitySubsystems
[Subsystems] Discovering subsystems at path D:/github/new/space-invaders/invaders/Assets
GfxDevice: creating device client; threaded=0
Direct3D:
    Version:  Direct3D 11.0 [level 11.1]
    Renderer: NVIDIA GeForce GTX 1660 (ID=0x2184)
    Vendor:   
    VRAM:     5992 MB
    Driver:   31.0.15.1694
Initialize mono
Mono path[0] = 'D:/unity/2020.3.23f1/Editor/Data/Managed'
Mono path[1] = 'D:/unity/2020.3.23f1/Editor/Data/MonoBleedingEdge/lib/mono/unityjit'
Mono config path = 'D:/unity/2020.3.23f1/Editor/Data/MonoBleedingEdge/etc'
Using monoOptions --debugger-agent=transport=dt_socket,embedding=1,server=y,suspend=n,address=127.0.0.1:56464
Begin MonoManager ReloadAssembly
Registering precompiled unity dll's ...
Register platform support module: D:/unity/2020.3.23f1/Editor/Data/PlaybackEngines/WindowsStandaloneSupport/UnityEditor.WindowsStandalone.Extensions.dll
Registered in 0.001053 seconds.
Native extension for WindowsStandalone target not found
Refreshing native plugins compatible for Editor in 42.04 ms, found 3 plugins.
Preloading 0 native plugins for Editor in 0.00 ms.
Mono: successfully reloaded assembly
- Completed reload, in  0.518 seconds
Domain Reload Profiling:
	ReloadAssembly (518ms)
		BeginReloadAssembly (57ms)
			ExecutionOrderSort (0ms)
			DisableScriptedObjects (0ms)
			BackupInstance (0ms)
			ReleaseScriptingObjects (0ms)
			CreateAndSetChildDomain (1ms)
		EndReloadAssembly (401ms)
			LoadAssemblies (57ms)
			RebuildTransferFunctionScriptingTraits (0ms)
			SetupTypeCache (130ms)
			ReleaseScriptCaches (0ms)
			RebuildScriptCaches (30ms)
			SetupLoadedEditorAssemblies (159ms)
				LogAssemblyErrors (0ms)
				InitializePlatformSupportModulesInManaged (4ms)
				SetLoadedEditorAssemblies (0ms)
				RefreshPlugins (42ms)
				BeforeProcessingInitializeOnLoad (14ms)
				ProcessInitializeOnLoadAttributes (74ms)
				ProcessInitializeOnLoadMethodAttributes (25ms)
				AfterProcessingInitializeOnLoad (0ms)
				EditorAssembliesLoaded (0ms)
			ExecutionOrderSort2 (0ms)
			AwakeInstancesAfterBackupRestoration (0ms)
Platform modules already initialized, skipping
Registering precompiled user dll's ...
Registered in 0.004182 seconds.
Begin MonoManager ReloadAssembly
Native extension for WindowsStandalone target not found
Refreshing native plugins compatible for Editor in 48.78 ms, found 3 plugins.
Preloading 0 native plugins for Editor in 0.00 ms.
Mono: successfully reloaded assembly
- Completed reload, in  0.979 seconds
Domain Reload Profiling:
	ReloadAssembly (979ms)
		BeginReloadAssembly (137ms)
			ExecutionOrderSort (0ms)
			DisableScriptedObjects (4ms)
			BackupInstance (0ms)
			ReleaseScriptingObjects (0ms)
			CreateAndSetChildDomain (17ms)
		EndReloadAssembly (792ms)
			LoadAssemblies (99ms)
			RebuildTransferFunctionScriptingTraits (0ms)
			SetupTypeCache (270ms)
			ReleaseScriptCaches (0ms)
			RebuildScriptCaches (44ms)
			SetupLoadedEditorAssemblies (293ms)
				LogAssemblyErrors (0ms)
				InitializePlatformSupportModulesInManaged (3ms)
				SetLoadedEditorAssemblies (0ms)
				RefreshPlugins (49ms)
				BeforeProcessingInitializeOnLoad (66ms)
				ProcessInitializeOnLoadAttributes (158ms)
				ProcessInitializeOnLoadMethodAttributes (14ms)
				AfterProcessingInitializeOnLoad (2ms)
				EditorAssembliesLoaded (0ms)
			ExecutionOrderSort2 (0ms)
			AwakeInstancesAfterBackupRestoration (5ms)
Platform modules already initialized, skipping
========================================================================
Worker process is ready to serve import requests
Launched and connected shader compiler UnityShaderCompiler.exe after 0.04 seconds
Refreshing native plugins compatible for Editor in 0.47 ms, found 3 plugins.
Preloading 0 native plugins for Editor in 0.00 ms.
Unloading 2192 Unused Serialized files (Serialized files now loaded: 0)
System memory in use before: 95.7 MB.
System memory in use after: 95.8 MB.

Unloading 28 unused Assets to reduce memory usage. Loaded Objects now: 2625.
Total: 3.169700 ms (FindLiveObjects: 0.235800 ms CreateObjectMapping: 0.052300 ms MarkObjects: 2.801700 ms  DeleteObjects: 0.078300 ms)

AssetImportParameters requested are different than current active one (requested -> active):
  custom:framework-win-MediaFoundation: 216162199b28c13a410421893ffa2e32 -> 
  custom:video-decoder-ogg-theora: a1e56fd34408186e4bbccfd4996cb3dc -> 
  custom:container-muxer-webm: aa71ff27fc2769a1b78a27578f13a17b -> 
  custom:container-demuxer-webm: 4f35f7cbe854078d1ac9338744f61a02 -> 
  custom:container-demuxer-ogg: 62fdf1f143b41e24485cea50d1cbac27 -> 
  custom:video-encoder-webm-vp8: eb34c28f22e8b96e1ab97ce403110664 -> 
  custom:video-decoder-webm-vp8: 9c59270c3fd7afecdb556c50c9e8de78 -> 
  custom:audio-decoder-ogg-vorbis: bf7c407c2cedff20999df2af8eb42d56 -> 
  custom:audio-encoder-webm-vorbis: bf7c407c2cedff20999df2af8eb42d56 -> 
========================================================================
Received Import Request.
  path: Assets
  artifactKey: Guid(00000000000000001000000000000000) Importer(815301076,1909f56bfc062723c751e8b465ee728b)
Start importing Assets using Guid(00000000000000001000000000000000) Importer(815301076,1909f56bfc062723c751e8b465ee728b)  -> (artifact id: '42d402b061de3733987d63b9cc3b64de') in 0.008446 seconds 
  Import took 0.011392 seconds .

========================================================================
Received Import Request.
  Time since last request: 9.707613 seconds.
  path: Assets/Animatios
  artifactKey: Guid(6808386591194ad499e40719ad75b642) Importer(815301076,1909f56bfc062723c751e8b465ee728b)
Start importing Assets/Animatios using Guid(6808386591194ad499e40719ad75b642) Importer(815301076,1909f56bfc062723c751e8b465ee728b)  -> (artifact id: 'e9e37329b9359f4b5a6b3a4b3bf917fc') in 0.005867 seconds 
  Import took 0.009042 seconds .

========================================================================
Received Import Request.
  Time since last request: 7.226986 seconds.
  path: Assets/Animations
  artifactKey: Guid(6808386591194ad499e40719ad75b642) Importer(815301076,1909f56bfc062723c751e8b465ee728b)
Start importing Assets/Animations using Guid(6808386591194ad499e40719ad75b642) Importer(815301076,1909f56bfc062723c751e8b465ee728b)  -> (artifact id: '049242b160ac0156fc0a94f56ffc732e') in 0.006190 seconds 
  Import took 0.009661 seconds .

========================================================================
Received Import Request.
  Time since last request: 22.731215 seconds.
  path: Assets/Fonts
  artifactKey: Guid(e761cf186b31fbc49b3bb98aa616a9c9) Importer(815301076,1909f56bfc062723c751e8b465ee728b)
Start importing Assets/Fonts using Guid(e761cf186b31fbc49b3bb98aa616a9c9) Importer(815301076,1909f56bfc062723c751e8b465ee728b)  -> (artifact id: 'e336ea6017a7e09a6ec7185f1e341506') in 0.038590 seconds 
  Import took 0.041603 seconds .

========================================================================
Received Import Request.
  Time since last request: 3.525486 seconds.
  path: Assets/New Folder
  artifactKey: Guid(b517bab85720b62489c7fa21c8fecc85) Importer(815301076,1909f56bfc062723c751e8b465ee728b)
Start importing Assets/New Folder using Guid(b517bab85720b62489c7fa21c8fecc85) Importer(815301076,1909f56bfc062723c751e8b465ee728b)  -> (artifact id: '032518bcb8bd35d1f12a9857b778b9e6') in 0.005971 seconds 
  Import took 0.009293 seconds .

========================================================================
Received Import Request.
  Time since last request: 13.936898 seconds.
  path: Assets/PreFabs
  artifactKey: Guid(b517bab85720b62489c7fa21c8fecc85) Importer(815301076,1909f56bfc062723c751e8b465ee728b)
Start importing Assets/PreFabs using Guid(b517bab85720b62489c7fa21c8fecc85) Importer(815301076,1909f56bfc062723c751e8b465ee728b)  -> (artifact id: '420feeed6a85eef87a0c72ae4a1dc6aa') in 0.006054 seconds 
  Import took 0.009625 seconds .

========================================================================
Received Import Request.
  Time since last request: 1.846583 seconds.
  path: Assets/PreFabs/New Folder
  artifactKey: Guid(3a60d4aa2a606784da63e5ada6c33844) Importer(815301076,1909f56bfc062723c751e8b465ee728b)
Start importing Assets/PreFabs/New Folder using Guid(3a60d4aa2a606784da63e5ada6c33844) Importer(815301076,1909f56bfc062723c751e8b465ee728b)  -> (artifact id: 'f23ed3571b8bfd4c705ed0194b484f27') in 0.003045 seconds 
  Import took 0.006641 seconds .

========================================================================
Received Import Request.
  Time since last request: 17.100530 seconds.
  path: Assets/Materials
  artifactKey: Guid(16101f7b13f4aa44d8e59dfa0dc1af3d) Importer(815301076,1909f56bfc062723c751e8b465ee728b)
Start importing Assets/Materials using Guid(16101f7b13f4aa44d8e59dfa0dc1af3d) Importer(815301076,1909f56bfc062723c751e8b465ee728b)  -> (artifact id: 'd92bbd6921ee0e37beb45cad8e509ef2') in 0.020788 seconds 
  Import took 0.023922 seconds .

========================================================================
Received Import Request.
  Time since last request: 7.009594 seconds.
  path: Assets/Scripts
  artifactKey: Guid(419b6de6319c82347834193fb4c21417) Importer(815301076,1909f56bfc062723c751e8b465ee728b)
Start importing Assets/Scripts using Guid(419b6de6319c82347834193fb4c21417) Importer(815301076,1909f56bfc062723c751e8b465ee728b)  -> (artifact id: 'f02f882d046bab454d0b625aa70a2009') in 0.007513 seconds 
  Import took 0.010746 seconds .

========================================================================
Received Import Request.
  Time since last request: 12.281457 seconds.
  path: Assets/Sprites
  artifactKey: Guid(9b4ef4efbf1eb9b43a09130773f786af) Importer(815301076,1909f56bfc062723c751e8b465ee728b)
Start importing Assets/Sprites using Guid(9b4ef4efbf1eb9b43a09130773f786af) Importer(815301076,1909f56bfc062723c751e8b465ee728b)  -> (artifact id: '72e349b277e6126dfee749e9c8a8d506') in 0.022960 seconds 
  Import took 0.026089 seconds .

========================================================================
Received Import Request.
  Time since last request: 5.099951 seconds.
  path: Assets/UI.cs
  artifactKey: Guid(1febe3f01340b294a9deaa86b85d85db) Importer(815301076,1909f56bfc062723c751e8b465ee728b)
Start importing Assets/UI.cs using Guid(1febe3f01340b294a9deaa86b85d85db) Importer(815301076,1909f56bfc062723c751e8b465ee728b)  -> (artifact id: 'bcf1e0123d1f8b48057eef0a590973d4') in 0.149152 seconds 
  Import took 0.152481 seconds .

========================================================================
Received Prepare
Registering precompiled user dll's ...
Registered in 0.003642 seconds.
Begin MonoManager ReloadAssembly
Native extension for WindowsStandalone target not found
Refreshing native plugins compatible for Editor in 0.49 ms, found 3 plugins.
Preloading 0 native plugins for Editor in 0.00 ms.
Mono: successfully reloaded assembly
- Completed reload, in  0.870 seconds
Domain Reload Profiling:
	ReloadAssembly (870ms)
		BeginReloadAssembly (116ms)
			ExecutionOrderSort (0ms)
			DisableScriptedObjects (5ms)
			BackupInstance (0ms)
			ReleaseScriptingObjects (0ms)
			CreateAndSetChildDomain (32ms)
		EndReloadAssembly (704ms)
			LoadAssemblies (92ms)
			RebuildTransferFunctionScriptingTraits (0ms)
			SetupTypeCache (248ms)
			ReleaseScriptCaches (1ms)
			RebuildScriptCaches (36ms)
			SetupLoadedEditorAssemblies (250ms)
				LogAssemblyErrors (0ms)
				InitializePlatformSupportModulesInManaged (3ms)
				SetLoadedEditorAssemblies (0ms)
				RefreshPlugins (1ms)
				BeforeProcessingInitializeOnLoad (65ms)
				ProcessInitializeOnLoadAttributes (168ms)
				ProcessInitializeOnLoadMethodAttributes (9ms)
				AfterProcessingInitializeOnLoad (2ms)
				EditorAssembliesLoaded (0ms)
			ExecutionOrderSort2 (0ms)
			AwakeInstancesAfterBackupRestoration (8ms)
Platform modules already initialized, skipping
Refreshing native plugins compatible for Editor in 0.66 ms, found 3 plugins.
Preloading 0 native plugins for Editor in 0.00 ms.
Unloading 2182 Unused Serialized files (Serialized files now loaded: 0)
System memory in use before: 95.1 MB.
System memory in use after: 95.2 MB.

Unloading 17 unused Assets to reduce memory usage. Loaded Objects now: 2628.
Total: 3.071700 ms (FindLiveObjects: 0.225100 ms CreateObjectMapping: 0.156100 ms MarkObjects: 2.671900 ms  DeleteObjects: 0.017600 ms)

AssetImportParameters requested are different than current active one (requested -> active):
  custom:framework-win-MediaFoundation: 216162199b28c13a410421893ffa2e32 -> 
  custom:video-decoder-ogg-theora: a1e56fd34408186e4bbccfd4996cb3dc -> 
  custom:container-muxer-webm: aa71ff27fc2769a1b78a27578f13a17b -> 
  custom:container-demuxer-webm: 4f35f7cbe854078d1ac9338744f61a02 -> 
  custom:container-demuxer-ogg: 62fdf1f143b41e24485cea50d1cbac27 -> 
  custom:video-encoder-webm-vp8: eb34c28f22e8b96e1ab97ce403110664 -> 
  custom:video-decoder-webm-vp8: 9c59270c3fd7afecdb556c50c9e8de78 -> 
  custom:audio-decoder-ogg-vorbis: bf7c407c2cedff20999df2af8eb42d56 -> 
  custom:audio-encoder-webm-vorbis: bf7c407c2cedff20999df2af8eb42d56 -> 
========================================================================
Received Prepare
Registering precompiled user dll's ...
Registered in 0.004391 seconds.
Begin MonoManager ReloadAssembly
Native extension for WindowsStandalone target not found
Refreshing native plugins compatible for Editor in 0.65 ms, found 3 plugins.
Preloading 0 native plugins for Editor in 0.00 ms.
Mono: successfully reloaded assembly
- Completed reload, in  0.882 seconds
Domain Reload Profiling:
	ReloadAssembly (883ms)
		BeginReloadAssembly (105ms)
			ExecutionOrderSort (0ms)
			DisableScriptedObjects (5ms)
			BackupInstance (0ms)
			ReleaseScriptingObjects (0ms)
			CreateAndSetChildDomain (29ms)
		EndReloadAssembly (728ms)
			LoadAssemblies (92ms)
			RebuildTransferFunctionScriptingTraits (0ms)
			SetupTypeCache (265ms)
			ReleaseScriptCaches (1ms)
			RebuildScriptCaches (45ms)
			SetupLoadedEditorAssemblies (241ms)
				LogAssemblyErrors (0ms)
				InitializePlatformSupportModulesInManaged (3ms)
				SetLoadedEditorAssemblies (1ms)
				RefreshPlugins (1ms)
				BeforeProcessingInitializeOnLoad (68ms)
				ProcessInitializeOnLoadAttributes (158ms)
				ProcessInitializeOnLoadMethodAttributes (9ms)
				AfterProcessingInitializeOnLoad (2ms)
				EditorAssembliesLoaded (0ms)
			ExecutionOrderSort2 (0ms)
			AwakeInstancesAfterBackupRestoration (7ms)
Platform modules already initialized, skipping
Refreshing native plugins compatible for Editor in 0.52 ms, found 3 plugins.
Preloading 0 native plugins for Editor in 0.00 ms.
Unloading 2181 Unused Serialized files (Serialized files now loaded: 0)
System memory in use before: 95.1 MB.
System memory in use after: 95.2 MB.

Unloading 18 unused Assets to reduce memory usage. Loaded Objects now: 2629.
Total: 2.835300 ms (FindLiveObjects: 0.212000 ms CreateObjectMapping: 0.049500 ms MarkObjects: 2.556400 ms  DeleteObjects: 0.016300 ms)

AssetImportParameters requested are different than current active one (requested -> active):
  custom:framework-win-MediaFoundation: 216162199b28c13a410421893ffa2e32 -> 
  custom:video-decoder-ogg-theora: a1e56fd34408186e4bbccfd4996cb3dc -> 
  custom:container-muxer-webm: aa71ff27fc2769a1b78a27578f13a17b -> 
  custom:container-demuxer-webm: 4f35f7cbe854078d1ac9338744f61a02 -> 
  custom:container-demuxer-ogg: 62fdf1f143b41e24485cea50d1cbac27 -> 
  custom:video-encoder-webm-vp8: eb34c28f22e8b96e1ab97ce403110664 -> 
  custom:video-decoder-webm-vp8: 9c59270c3fd7afecdb556c50c9e8de78 -> 
  custom:audio-decoder-ogg-vorbis: bf7c407c2cedff20999df2af8eb42d56 -> 
  custom:audio-encoder-webm-vorbis: bf7c407c2cedff20999df2af8eb42d56 -> 
========================================================================
Received Import Request.
  Time since last request: 11.867257 seconds.
  path: Assets/UI
  artifactKey: Guid(8dff4fd5b86de0b4e84b7b74f8ec9caf) Importer(815301076,1909f56bfc062723c751e8b465ee728b)
Start importing Assets/UI using Guid(8dff4fd5b86de0b4e84b7b74f8ec9caf) Importer(815301076,1909f56bfc062723c751e8b465ee728b)  -> (artifact id: '023bcbda3d1af70bbdf5543f899388f8') in 0.004990 seconds 
  Import took 0.008384 seconds .

========================================================================
Received Import Request.
  Time since last request: 3.297024 seconds.
  path: Assets/Scenes
  artifactKey: Guid(27df1725b1937614384b2d97c6a3a20d) Importer(815301076,1909f56bfc062723c751e8b465ee728b)
Start importing Assets/Scenes using Guid(27df1725b1937614384b2d97c6a3a20d) Importer(815301076,1909f56bfc062723c751e8b465ee728b)  -> (artifact id: 'aa91c1997d32164d692ef5cef1b959aa') in 0.006117 seconds 
  Import took 0.009365 seconds .

========================================================================
Received Import Request.
  Time since last request: 0.892724 seconds.
  path: Assets/Scenes/SampleScene.unity
  artifactKey: Guid(2cda990e2423bbf4892e6590ba056729) Importer(815301076,1909f56bfc062723c751e8b465ee728b)
Start importing Assets/Scenes/SampleScene.unity using Guid(2cda990e2423bbf4892e6590ba056729) Importer(815301076,1909f56bfc062723c751e8b465ee728b)  -> (artifact id: 'aa27944bdea339c97c39027c7eea529c') in 0.013452 seconds 
  Import took 0.016543 seconds .

========================================================================
Received Import Request.
  Time since last request: 9.483975 seconds.
  path: Assets/Scenes/GameScenes.unity
  artifactKey: Guid(2cda990e2423bbf4892e6590ba056729) Importer(815301076,1909f56bfc062723c751e8b465ee728b)
Start importing Assets/Scenes/GameScenes.unity using Guid(2cda990e2423bbf4892e6590ba056729) Importer(815301076,1909f56bfc062723c751e8b465ee728b)  -> (artifact id: 'cc5d67a6fb4af75b8366d555f879bf5d') in 0.007889 seconds 
  Import took 0.011062 seconds .

AssetImportWorkerClient::OnTransportError - code=2 error=End of file
